2012/07/20 19:42:56 [trace] [system.CModule] Loading "log" application component
in /Users/Andrew/NetBeansProjects/WorksManagement/index.php (18)
2012/07/20 19:42:56 [trace] [system.CModule] Loading "bootstrap" application component
in /Users/Andrew/NetBeansProjects/WorksManagement/index.php (18)
2012/07/20 19:42:56 [trace] [system.CModule] Loading "clientScript" application component
in /Users/Andrew/NetBeansProjects/WorksManagement/protected/extensions/bootstrap/components/Bootstrap.php (101)
in /Users/Andrew/NetBeansProjects/WorksManagement/protected/extensions/bootstrap/components/Bootstrap.php (84)
in /Users/Andrew/NetBeansProjects/WorksManagement/index.php (18)
2012/07/20 19:42:56 [trace] [system.CModule] Loading "assetManager" application component
in /Users/Andrew/NetBeansProjects/WorksManagement/protected/extensions/bootstrap/components/Bootstrap.php (345)
in /Users/Andrew/NetBeansProjects/WorksManagement/protected/extensions/bootstrap/components/Bootstrap.php (101)
in /Users/Andrew/NetBeansProjects/WorksManagement/protected/extensions/bootstrap/components/Bootstrap.php (84)
2012/07/20 19:42:56 [trace] [system.CModule] Loading "request" application component
in /Users/Andrew/NetBeansProjects/WorksManagement/protected/extensions/bootstrap/components/Bootstrap.php (345)
in /Users/Andrew/NetBeansProjects/WorksManagement/protected/extensions/bootstrap/components/Bootstrap.php (101)
in /Users/Andrew/NetBeansProjects/WorksManagement/protected/extensions/bootstrap/components/Bootstrap.php (84)
2012/07/20 19:42:56 [trace] [system.CModule] Loading "urlManager" application component
in /Users/Andrew/NetBeansProjects/WorksManagement/index.php (18)
2012/07/20 19:42:56 [trace] [system.web.filters.CFilterChain] Running filter ClientController.filteraccessControl()
in /Users/Andrew/NetBeansProjects/WorksManagement/index.php (18)
2012/07/20 19:42:56 [trace] [system.CModule] Loading "user" application component
in /Users/Andrew/NetBeansProjects/WorksManagement/index.php (18)
2012/07/20 19:42:56 [trace] [system.CModule] Loading "session" application component
in /Users/Andrew/NetBeansProjects/WorksManagement/index.php (18)
2012/07/20 19:42:56 [trace] [system.CModule] Loading "authManager" application component
in /Users/Andrew/NetBeansProjects/WorksManagement/index.php (18)
2012/07/20 19:42:56 [trace] [system.CModule] Loading "db" application component
in /Users/Andrew/NetBeansProjects/WorksManagement/index.php (18)
2012/07/20 19:42:56 [trace] [system.db.CDbConnection] Opening DB connection
in /Users/Andrew/NetBeansProjects/WorksManagement/index.php (18)
2012/07/20 19:42:56 [trace] [system.db.CDbCommand] Querying SQL: SELECT *
FROM `AuthAssignment`
WHERE userid=:userid
in /Users/Andrew/NetBeansProjects/WorksManagement/index.php (18)
2012/07/20 19:42:56 [trace] [system.db.CDbCommand] Querying SQL: SELECT *
FROM `AuthItem`
WHERE name=:name
in /Users/Andrew/NetBeansProjects/WorksManagement/index.php (18)
2012/07/20 19:42:56 [trace] [system.web.auth.CDbAuthManager] Checking permission "ClientRead"
in /Users/Andrew/NetBeansProjects/WorksManagement/index.php (18)
2012/07/20 19:42:56 [trace] [system.db.CDbCommand] Querying SQL: SELECT `parent`
FROM `AuthItemChild`
WHERE child=:name
in /Users/Andrew/NetBeansProjects/WorksManagement/index.php (18)
2012/07/20 19:42:56 [trace] [system.db.CDbCommand] Querying SQL: SELECT *
FROM `AuthItem`
WHERE name=:name
in /Users/Andrew/NetBeansProjects/WorksManagement/index.php (18)
2012/07/20 19:42:56 [trace] [system.web.auth.CDbAuthManager] Checking permission "Client"
in /Users/Andrew/NetBeansProjects/WorksManagement/index.php (18)
2012/07/20 19:42:56 [trace] [system.db.CDbCommand] Querying SQL: SELECT `parent`
FROM `AuthItemChild`
WHERE child=:name
in /Users/Andrew/NetBeansProjects/WorksManagement/index.php (18)
2012/07/20 19:42:56 [trace] [system.db.CDbCommand] Querying SQL: SELECT *
FROM `AuthItem`
WHERE name=:name
in /Users/Andrew/NetBeansProjects/WorksManagement/index.php (18)
2012/07/20 19:42:56 [trace] [system.web.auth.CDbAuthManager] Checking permission "system admin"
in /Users/Andrew/NetBeansProjects/WorksManagement/index.php (18)
2012/07/20 19:42:56 [trace] [system.db.CDbCommand] Querying SQL: SHOW COLUMNS FROM `client`
in /Users/Andrew/NetBeansProjects/WorksManagement/protected/components/Controller.php (353)
in /Users/Andrew/NetBeansProjects/WorksManagement/protected/components/Controller.php (556)
in /Users/Andrew/NetBeansProjects/WorksManagement/index.php (18)
2012/07/20 19:42:56 [trace] [system.db.CDbCommand] Querying SQL: SHOW CREATE TABLE `client`
in /Users/Andrew/NetBeansProjects/WorksManagement/protected/components/Controller.php (353)
in /Users/Andrew/NetBeansProjects/WorksManagement/protected/components/Controller.php (556)
in /Users/Andrew/NetBeansProjects/WorksManagement/index.php (18)
2012/07/20 19:42:56 [trace] [system.CModule] Loading "themeManager" application component
in /Users/Andrew/NetBeansProjects/WorksManagement/protected/components/Controller.php (376)
in /Users/Andrew/NetBeansProjects/WorksManagement/protected/components/Controller.php (556)
in /Users/Andrew/NetBeansProjects/WorksManagement/index.php (18)
2012/07/20 19:42:56 [trace] [system.CModule] Loading "widgetFactory" application component
in /Users/Andrew/NetBeansProjects/WorksManagement/protected/views/client/admin.php (3)
in /Users/Andrew/NetBeansProjects/WorksManagement/protected/components/Controller.php (376)
in /Users/Andrew/NetBeansProjects/WorksManagement/protected/components/Controller.php (556)
2012/07/20 19:42:56 [trace] [system.db.ar.CActiveRecord] Client.count()
in /Users/Andrew/NetBeansProjects/WorksManagement/protected/extensions/bootstrap/widgets/BootGridView.php (51)
in /Users/Andrew/NetBeansProjects/WorksManagement/protected/views/client/admin.php (19)
in /Users/Andrew/NetBeansProjects/WorksManagement/protected/components/Controller.php (376)
2012/07/20 19:42:56 [trace] [system.db.CDbCommand] Querying SQL: SELECT COUNT(*) FROM `client` `t`
in /Users/Andrew/NetBeansProjects/WorksManagement/protected/extensions/bootstrap/widgets/BootGridView.php (51)
in /Users/Andrew/NetBeansProjects/WorksManagement/protected/views/client/admin.php (19)
in /Users/Andrew/NetBeansProjects/WorksManagement/protected/components/Controller.php (376)
2012/07/20 19:42:56 [trace] [system.db.ar.CActiveRecord] Client.findAll()
in /Users/Andrew/NetBeansProjects/WorksManagement/protected/extensions/bootstrap/widgets/BootGridView.php (51)
in /Users/Andrew/NetBeansProjects/WorksManagement/protected/views/client/admin.php (19)
in /Users/Andrew/NetBeansProjects/WorksManagement/protected/components/Controller.php (376)
2012/07/20 19:42:56 [trace] [system.db.CDbCommand] Querying SQL: SELECT * FROM `client` `t` LIMIT 10
in /Users/Andrew/NetBeansProjects/WorksManagement/protected/extensions/bootstrap/widgets/BootGridView.php (51)
in /Users/Andrew/NetBeansProjects/WorksManagement/protected/views/client/admin.php (19)
in /Users/Andrew/NetBeansProjects/WorksManagement/protected/components/Controller.php (376)
2012/07/20 19:42:56 [trace] [system.CModule] Loading "coreMessages" application component
in /Users/Andrew/NetBeansProjects/WorksManagement/protected/extensions/bootstrap/widgets/BootButtonColumn.php (37)
in /Users/Andrew/NetBeansProjects/WorksManagement/protected/extensions/bootstrap/widgets/BootGridView.php (93)
in /Users/Andrew/NetBeansProjects/WorksManagement/protected/extensions/bootstrap/widgets/BootGridView.php (51)
2012/07/20 19:42:56 [trace] [system.CModule] Loading "format" application component
in /Users/Andrew/NetBeansProjects/WorksManagement/protected/views/client/admin.php (19)
in /Users/Andrew/NetBeansProjects/WorksManagement/protected/components/Controller.php (376)
in /Users/Andrew/NetBeansProjects/WorksManagement/protected/components/Controller.php (556)
2012/07/20 19:42:56 [trace] [system.CModule] Loading "messages" application component
in /Users/Andrew/NetBeansProjects/WorksManagement/protected/extensions/bootstrap/widgets/BootPager.php (45)
in /Users/Andrew/NetBeansProjects/WorksManagement/protected/views/client/admin.php (19)
in /Users/Andrew/NetBeansProjects/WorksManagement/protected/components/Controller.php (376)
2012/07/20 19:43:05 [trace] [system.CModule] Loading "log" application component
in /Users/Andrew/NetBeansProjects/WorksManagement/index.php (18)
2012/07/20 19:43:05 [trace] [system.CModule] Loading "bootstrap" application component
in /Users/Andrew/NetBeansProjects/WorksManagement/index.php (18)
2012/07/20 19:43:05 [trace] [system.CModule] Loading "clientScript" application component
in /Users/Andrew/NetBeansProjects/WorksManagement/protected/extensions/bootstrap/components/Bootstrap.php (101)
in /Users/Andrew/NetBeansProjects/WorksManagement/protected/extensions/bootstrap/components/Bootstrap.php (84)
in /Users/Andrew/NetBeansProjects/WorksManagement/index.php (18)
2012/07/20 19:43:05 [trace] [system.CModule] Loading "assetManager" application component
in /Users/Andrew/NetBeansProjects/WorksManagement/protected/extensions/bootstrap/components/Bootstrap.php (345)
in /Users/Andrew/NetBeansProjects/WorksManagement/protected/extensions/bootstrap/components/Bootstrap.php (101)
in /Users/Andrew/NetBeansProjects/WorksManagement/protected/extensions/bootstrap/components/Bootstrap.php (84)
2012/07/20 19:43:05 [trace] [system.CModule] Loading "request" application component
in /Users/Andrew/NetBeansProjects/WorksManagement/protected/extensions/bootstrap/components/Bootstrap.php (345)
in /Users/Andrew/NetBeansProjects/WorksManagement/protected/extensions/bootstrap/components/Bootstrap.php (101)
in /Users/Andrew/NetBeansProjects/WorksManagement/protected/extensions/bootstrap/components/Bootstrap.php (84)
2012/07/20 19:43:05 [trace] [system.CModule] Loading "urlManager" application component
in /Users/Andrew/NetBeansProjects/WorksManagement/index.php (18)
2012/07/20 19:43:05 [trace] [system.web.filters.CFilterChain] Running filter ClientController.filteraccessControl()
in /Users/Andrew/NetBeansProjects/WorksManagement/index.php (18)
2012/07/20 19:43:05 [trace] [system.CModule] Loading "user" application component
in /Users/Andrew/NetBeansProjects/WorksManagement/index.php (18)
2012/07/20 19:43:05 [trace] [system.CModule] Loading "session" application component
in /Users/Andrew/NetBeansProjects/WorksManagement/index.php (18)
2012/07/20 19:43:05 [trace] [system.CModule] Loading "authManager" application component
in /Users/Andrew/NetBeansProjects/WorksManagement/index.php (18)
2012/07/20 19:43:05 [trace] [system.CModule] Loading "db" application component
in /Users/Andrew/NetBeansProjects/WorksManagement/index.php (18)
2012/07/20 19:43:05 [trace] [system.db.CDbConnection] Opening DB connection
in /Users/Andrew/NetBeansProjects/WorksManagement/index.php (18)
2012/07/20 19:43:05 [trace] [system.db.CDbCommand] Querying SQL: SELECT *
FROM `AuthAssignment`
WHERE userid=:userid
in /Users/Andrew/NetBeansProjects/WorksManagement/index.php (18)
2012/07/20 19:43:05 [trace] [system.db.CDbCommand] Querying SQL: SELECT *
FROM `AuthItem`
WHERE name=:name
in /Users/Andrew/NetBeansProjects/WorksManagement/index.php (18)
2012/07/20 19:43:05 [trace] [system.web.auth.CDbAuthManager] Checking permission "ClientRead"
in /Users/Andrew/NetBeansProjects/WorksManagement/index.php (18)
2012/07/20 19:43:05 [trace] [system.db.CDbCommand] Querying SQL: SELECT `parent`
FROM `AuthItemChild`
WHERE child=:name
in /Users/Andrew/NetBeansProjects/WorksManagement/index.php (18)
2012/07/20 19:43:05 [trace] [system.db.CDbCommand] Querying SQL: SELECT *
FROM `AuthItem`
WHERE name=:name
in /Users/Andrew/NetBeansProjects/WorksManagement/index.php (18)
2012/07/20 19:43:05 [trace] [system.web.auth.CDbAuthManager] Checking permission "Client"
in /Users/Andrew/NetBeansProjects/WorksManagement/index.php (18)
2012/07/20 19:43:05 [trace] [system.db.CDbCommand] Querying SQL: SELECT `parent`
FROM `AuthItemChild`
WHERE child=:name
in /Users/Andrew/NetBeansProjects/WorksManagement/index.php (18)
2012/07/20 19:43:05 [trace] [system.db.CDbCommand] Querying SQL: SELECT *
FROM `AuthItem`
WHERE name=:name
in /Users/Andrew/NetBeansProjects/WorksManagement/index.php (18)
2012/07/20 19:43:05 [trace] [system.web.auth.CDbAuthManager] Checking permission "system admin"
in /Users/Andrew/NetBeansProjects/WorksManagement/index.php (18)
2012/07/20 19:43:05 [trace] [system.db.CDbCommand] Querying SQL: SHOW COLUMNS FROM `client`
in /Users/Andrew/NetBeansProjects/WorksManagement/protected/components/Controller.php (353)
in /Users/Andrew/NetBeansProjects/WorksManagement/protected/components/Controller.php (556)
in /Users/Andrew/NetBeansProjects/WorksManagement/index.php (18)
2012/07/20 19:43:05 [trace] [system.db.CDbCommand] Querying SQL: SHOW CREATE TABLE `client`
in /Users/Andrew/NetBeansProjects/WorksManagement/protected/components/Controller.php (353)
in /Users/Andrew/NetBeansProjects/WorksManagement/protected/components/Controller.php (556)
in /Users/Andrew/NetBeansProjects/WorksManagement/index.php (18)
2012/07/20 19:43:05 [trace] [system.CModule] Loading "themeManager" application component
in /Users/Andrew/NetBeansProjects/WorksManagement/protected/components/Controller.php (376)
in /Users/Andrew/NetBeansProjects/WorksManagement/protected/components/Controller.php (556)
in /Users/Andrew/NetBeansProjects/WorksManagement/index.php (18)
2012/07/20 19:43:05 [trace] [system.CModule] Loading "widgetFactory" application component
in /Users/Andrew/NetBeansProjects/WorksManagement/protected/views/client/admin.php (3)
in /Users/Andrew/NetBeansProjects/WorksManagement/protected/components/Controller.php (376)
in /Users/Andrew/NetBeansProjects/WorksManagement/protected/components/Controller.php (556)
2012/07/20 19:43:05 [trace] [system.db.ar.CActiveRecord] Client.count()
in /Users/Andrew/NetBeansProjects/WorksManagement/protected/extensions/bootstrap/widgets/BootGridView.php (51)
in /Users/Andrew/NetBeansProjects/WorksManagement/protected/views/client/admin.php (19)
in /Users/Andrew/NetBeansProjects/WorksManagement/protected/components/Controller.php (376)
2012/07/20 19:43:05 [trace] [system.db.CDbCommand] Querying SQL: SELECT COUNT(*) FROM `client` `t` WHERE name LIKE :ycp0
in /Users/Andrew/NetBeansProjects/WorksManagement/protected/extensions/bootstrap/widgets/BootGridView.php (51)
in /Users/Andrew/NetBeansProjects/WorksManagement/protected/views/client/admin.php (19)
in /Users/Andrew/NetBeansProjects/WorksManagement/protected/components/Controller.php (376)
2012/07/20 19:43:05 [trace] [system.db.ar.CActiveRecord] Client.findAll()
in /Users/Andrew/NetBeansProjects/WorksManagement/protected/extensions/bootstrap/widgets/BootGridView.php (51)
in /Users/Andrew/NetBeansProjects/WorksManagement/protected/views/client/admin.php (19)
in /Users/Andrew/NetBeansProjects/WorksManagement/protected/components/Controller.php (376)
2012/07/20 19:43:05 [trace] [system.db.CDbCommand] Querying SQL: SELECT * FROM `client` `t` WHERE name LIKE :ycp0 LIMIT 10
in /Users/Andrew/NetBeansProjects/WorksManagement/protected/extensions/bootstrap/widgets/BootGridView.php (51)
in /Users/Andrew/NetBeansProjects/WorksManagement/protected/views/client/admin.php (19)
in /Users/Andrew/NetBeansProjects/WorksManagement/protected/components/Controller.php (376)
2012/07/20 19:43:05 [trace] [system.CModule] Loading "coreMessages" application component
in /Users/Andrew/NetBeansProjects/WorksManagement/protected/extensions/bootstrap/widgets/BootButtonColumn.php (37)
in /Users/Andrew/NetBeansProjects/WorksManagement/protected/extensions/bootstrap/widgets/BootGridView.php (93)
in /Users/Andrew/NetBeansProjects/WorksManagement/protected/extensions/bootstrap/widgets/BootGridView.php (51)
2012/07/20 19:43:05 [trace] [system.CModule] Loading "messages" application component
in /Users/Andrew/NetBeansProjects/WorksManagement/protected/extensions/bootstrap/widgets/BootPager.php (45)
in /Users/Andrew/NetBeansProjects/WorksManagement/protected/views/client/admin.php (19)
in /Users/Andrew/NetBeansProjects/WorksManagement/protected/components/Controller.php (376)
2012/07/20 19:43:07 [trace] [system.CModule] Loading "log" application component
in /Users/Andrew/NetBeansProjects/WorksManagement/index.php (18)
2012/07/20 19:43:07 [trace] [system.CModule] Loading "bootstrap" application component
in /Users/Andrew/NetBeansProjects/WorksManagement/index.php (18)
2012/07/20 19:43:07 [trace] [system.CModule] Loading "clientScript" application component
in /Users/Andrew/NetBeansProjects/WorksManagement/protected/extensions/bootstrap/components/Bootstrap.php (101)
in /Users/Andrew/NetBeansProjects/WorksManagement/protected/extensions/bootstrap/components/Bootstrap.php (84)
in /Users/Andrew/NetBeansProjects/WorksManagement/index.php (18)
2012/07/20 19:43:07 [trace] [system.CModule] Loading "assetManager" application component
in /Users/Andrew/NetBeansProjects/WorksManagement/protected/extensions/bootstrap/components/Bootstrap.php (345)
in /Users/Andrew/NetBeansProjects/WorksManagement/protected/extensions/bootstrap/components/Bootstrap.php (101)
in /Users/Andrew/NetBeansProjects/WorksManagement/protected/extensions/bootstrap/components/Bootstrap.php (84)
2012/07/20 19:43:07 [trace] [system.CModule] Loading "request" application component
in /Users/Andrew/NetBeansProjects/WorksManagement/protected/extensions/bootstrap/components/Bootstrap.php (345)
in /Users/Andrew/NetBeansProjects/WorksManagement/protected/extensions/bootstrap/components/Bootstrap.php (101)
in /Users/Andrew/NetBeansProjects/WorksManagement/protected/extensions/bootstrap/components/Bootstrap.php (84)
2012/07/20 19:43:07 [trace] [system.CModule] Loading "urlManager" application component
in /Users/Andrew/NetBeansProjects/WorksManagement/index.php (18)
2012/07/20 19:43:07 [trace] [system.web.filters.CFilterChain] Running filter ClientController.filteraccessControl()
in /Users/Andrew/NetBeansProjects/WorksManagement/index.php (18)
2012/07/20 19:43:07 [trace] [system.CModule] Loading "user" application component
in /Users/Andrew/NetBeansProjects/WorksManagement/index.php (18)
2012/07/20 19:43:07 [trace] [system.CModule] Loading "session" application component
in /Users/Andrew/NetBeansProjects/WorksManagement/index.php (18)
2012/07/20 19:43:07 [trace] [system.CModule] Loading "authManager" application component
in /Users/Andrew/NetBeansProjects/WorksManagement/index.php (18)
2012/07/20 19:43:07 [trace] [system.CModule] Loading "db" application component
in /Users/Andrew/NetBeansProjects/WorksManagement/index.php (18)
2012/07/20 19:43:07 [trace] [system.db.CDbConnection] Opening DB connection
in /Users/Andrew/NetBeansProjects/WorksManagement/index.php (18)
2012/07/20 19:43:07 [trace] [system.db.CDbCommand] Querying SQL: SELECT *
FROM `AuthAssignment`
WHERE userid=:userid
in /Users/Andrew/NetBeansProjects/WorksManagement/index.php (18)
2012/07/20 19:43:07 [trace] [system.db.CDbCommand] Querying SQL: SELECT *
FROM `AuthItem`
WHERE name=:name
in /Users/Andrew/NetBeansProjects/WorksManagement/index.php (18)
2012/07/20 19:43:07 [trace] [system.web.auth.CDbAuthManager] Checking permission "ClientRead"
in /Users/Andrew/NetBeansProjects/WorksManagement/index.php (18)
2012/07/20 19:43:07 [trace] [system.db.CDbCommand] Querying SQL: SELECT `parent`
FROM `AuthItemChild`
WHERE child=:name
in /Users/Andrew/NetBeansProjects/WorksManagement/index.php (18)
2012/07/20 19:43:07 [trace] [system.db.CDbCommand] Querying SQL: SELECT *
FROM `AuthItem`
WHERE name=:name
in /Users/Andrew/NetBeansProjects/WorksManagement/index.php (18)
2012/07/20 19:43:07 [trace] [system.web.auth.CDbAuthManager] Checking permission "Client"
in /Users/Andrew/NetBeansProjects/WorksManagement/index.php (18)
2012/07/20 19:43:07 [trace] [system.db.CDbCommand] Querying SQL: SELECT `parent`
FROM `AuthItemChild`
WHERE child=:name
in /Users/Andrew/NetBeansProjects/WorksManagement/index.php (18)
2012/07/20 19:43:07 [trace] [system.db.CDbCommand] Querying SQL: SELECT *
FROM `AuthItem`
WHERE name=:name
in /Users/Andrew/NetBeansProjects/WorksManagement/index.php (18)
2012/07/20 19:43:07 [trace] [system.web.auth.CDbAuthManager] Checking permission "system admin"
in /Users/Andrew/NetBeansProjects/WorksManagement/index.php (18)
2012/07/20 19:43:07 [trace] [system.db.CDbCommand] Querying SQL: SHOW COLUMNS FROM `client`
in /Users/Andrew/NetBeansProjects/WorksManagement/protected/components/Controller.php (353)
in /Users/Andrew/NetBeansProjects/WorksManagement/protected/components/Controller.php (556)
in /Users/Andrew/NetBeansProjects/WorksManagement/index.php (18)
2012/07/20 19:43:07 [trace] [system.db.CDbCommand] Querying SQL: SHOW CREATE TABLE `client`
in /Users/Andrew/NetBeansProjects/WorksManagement/protected/components/Controller.php (353)
in /Users/Andrew/NetBeansProjects/WorksManagement/protected/components/Controller.php (556)
in /Users/Andrew/NetBeansProjects/WorksManagement/index.php (18)
2012/07/20 19:43:07 [trace] [system.CModule] Loading "themeManager" application component
in /Users/Andrew/NetBeansProjects/WorksManagement/protected/components/Controller.php (376)
in /Users/Andrew/NetBeansProjects/WorksManagement/protected/components/Controller.php (556)
in /Users/Andrew/NetBeansProjects/WorksManagement/index.php (18)
2012/07/20 19:43:07 [trace] [system.CModule] Loading "widgetFactory" application component
in /Users/Andrew/NetBeansProjects/WorksManagement/protected/views/client/admin.php (3)
in /Users/Andrew/NetBeansProjects/WorksManagement/protected/components/Controller.php (376)
in /Users/Andrew/NetBeansProjects/WorksManagement/protected/components/Controller.php (556)
2012/07/20 19:43:07 [trace] [system.db.ar.CActiveRecord] Client.count()
in /Users/Andrew/NetBeansProjects/WorksManagement/protected/extensions/bootstrap/widgets/BootGridView.php (51)
in /Users/Andrew/NetBeansProjects/WorksManagement/protected/views/client/admin.php (19)
in /Users/Andrew/NetBeansProjects/WorksManagement/protected/components/Controller.php (376)
2012/07/20 19:43:07 [trace] [system.db.CDbCommand] Querying SQL: SELECT COUNT(*) FROM `client` `t` WHERE name LIKE :ycp0
in /Users/Andrew/NetBeansProjects/WorksManagement/protected/extensions/bootstrap/widgets/BootGridView.php (51)
in /Users/Andrew/NetBeansProjects/WorksManagement/protected/views/client/admin.php (19)
in /Users/Andrew/NetBeansProjects/WorksManagement/protected/components/Controller.php (376)
2012/07/20 19:43:07 [trace] [system.db.ar.CActiveRecord] Client.findAll()
in /Users/Andrew/NetBeansProjects/WorksManagement/protected/extensions/bootstrap/widgets/BootGridView.php (51)
in /Users/Andrew/NetBeansProjects/WorksManagement/protected/views/client/admin.php (19)
in /Users/Andrew/NetBeansProjects/WorksManagement/protected/components/Controller.php (376)
2012/07/20 19:43:07 [trace] [system.db.CDbCommand] Querying SQL: SELECT * FROM `client` `t` WHERE name LIKE :ycp0 LIMIT 10
in /Users/Andrew/NetBeansProjects/WorksManagement/protected/extensions/bootstrap/widgets/BootGridView.php (51)
in /Users/Andrew/NetBeansProjects/WorksManagement/protected/views/client/admin.php (19)
in /Users/Andrew/NetBeansProjects/WorksManagement/protected/components/Controller.php (376)
2012/07/20 19:43:07 [trace] [system.CModule] Loading "coreMessages" application component
in /Users/Andrew/NetBeansProjects/WorksManagement/protected/extensions/bootstrap/widgets/BootButtonColumn.php (37)
in /Users/Andrew/NetBeansProjects/WorksManagement/protected/extensions/bootstrap/widgets/BootGridView.php (93)
in /Users/Andrew/NetBeansProjects/WorksManagement/protected/extensions/bootstrap/widgets/BootGridView.php (51)
2012/07/20 19:43:07 [trace] [system.CModule] Loading "format" application component
in /Users/Andrew/NetBeansProjects/WorksManagement/protected/views/client/admin.php (19)
in /Users/Andrew/NetBeansProjects/WorksManagement/protected/components/Controller.php (376)
in /Users/Andrew/NetBeansProjects/WorksManagement/protected/components/Controller.php (556)
2012/07/20 19:43:07 [trace] [system.CModule] Loading "messages" application component
in /Users/Andrew/NetBeansProjects/WorksManagement/protected/extensions/bootstrap/widgets/BootPager.php (45)
in /Users/Andrew/NetBeansProjects/WorksManagement/protected/views/client/admin.php (19)
in /Users/Andrew/NetBeansProjects/WorksManagement/protected/components/Controller.php (376)
